Request url: /about 
 Method: GET 
 Time: Wed Jul 25 2018 11:48:44 GMT-0400 (Venezuela Standard Time)
Request url: /about 
 Method: GET 
 Time: Wed Jul 25 2018 11:48:45 GMT-0400 (Venezuela Standard Time)
Request url: /about 
 Method: GET 
 Time: Wed Jul 25 2018 11:48:45 GMT-0400 (Venezuela Standard Time)
Request url: /about 
 Method: GET 
 Time: Wed Jul 25 2018 11:48:45 GMT-0400 (Venezuela Standard Time)
Request url: /about 
 Method: GET 
 Time: Wed Jul 25 2018 11:48:45 GMT-0400 (Venezuela Standard Time)
Request url: /about 
 Method: GET 
 Time: Wed Jul 25 2018 11:48:46 GMT-0400 (Venezuela Standard Time)
Request url: /about 
 Method: GET 
 Time: Wed Jul 25 2018 11:48:46 GMT-0400 (Venezuela Standard Time)
Request url: /?michael=asdasdasd 
 Method: GET 
 Time: Wed Jul 25 2018 11:48:59 GMT-0400 (Venezuela Standard Time)
Request url: /?michael=asdasdasd-Method: GET-Time: Wed Jul 25 2018 11:49:25 GMT-0400 (Venezuela Standard Time)
Request url: /?michael=asdasdasd-Method: GET-Time: Wed Jul 25 2018 11:49:25 GMT-0400 (Venezuela Standard Time)
Request url: /?michael=asdasdasd-Method: GET-Time: Wed Jul 25 2018 11:49:25 GMT-0400 (Venezuela Standard Time)
Request url: /?michael=asdasdasd-Method: GET-Time: Wed Jul 25 2018 11:49:26 GMT-0400 (Venezuela Standard Time)
Request url: /?michael=asdasdasd-Method: GET-Time: Wed Jul 25 2018 11:49:26 GMT-0400 (Venezuela Standard Time)
Request url: /about-Method: GET-Time: Wed Jul 25 2018 11:49:28 GMT-0400 (Venezuela Standard Time)
Request url: /about-Method: GET-Time: Wed Jul 25 2018 11:52:56 GMT-0400 (Venezuela Standard Time)
Request url: /about-Method: GET-Time: Wed Jul 25 2018 11:53:17 GMT-0400 (Venezuela Standard Time)
Request url: /home-Method: GET-Time: Wed Jul 25 2018 11:55:00 GMT-0400 (Venezuela Standard Time)
Request url: /about-Method: GET-Time: Wed Jul 25 2018 11:55:00 GMT-0400 (Venezuela Standard Time)
Request url: /about-Method: GET-Time: Wed Jul 25 2018 11:55:00 GMT-0400 (Venezuela Standard Time)
Request url: /about-Method: GET-Time: Wed Jul 25 2018 11:55:00 GMT-0400 (Venezuela Standard Time)
Request url: /about-Method: GET-Time: Wed Jul 25 2018 11:55:03 GMT-0400 (Venezuela Standard Time)
Request url: /about-Method: GET-Time: Wed Jul 25 2018 11:55:05 GMT-0400 (Venezuela Standard Time)
Request url: /home-Method: GET-Time: Wed Jul 25 2018 11:55:08 GMT-0400 (Venezuela Standard Time)
Request url: /home-Method: GET-Time: Wed Jul 25 2018 11:56:18 GMT-0400 (Venezuela Standard Time)
Request url: /help.html-Method: GET-Time: Wed Jul 25 2018 11:56:29 GMT-0400 (Venezuela Standard Time)
Request url: /help.html-Method: GET-Time: Wed Jul 25 2018 11:56:30 GMT-0400 (Venezuela Standard Time)
Request url: /help.html-Method: GET-Time: Wed Jul 25 2018 11:56:31 GMT-0400 (Venezuela Standard Time)
Request url: /help.html-Method: GET-Time: Wed Jul 25 2018 11:56:31 GMT-0400 (Venezuela Standard Time)
